Using pre-set license
Built from '2021.3/staging' branch; Version is '2021.3.18f1 (3129e69bc0c7) revision 3221990'; Using compiler version '192829333'; Build Type 'Release'
OS: 'Windows 10  (10.0.19045) 64bit Core' Language: 'es' Physical Memory: 32622 MB
BatchMode: 1, IsHumanControllingUs: 0, StartBugReporterOnCrash: 0, Is64bit: 1, IsPro: 1

COMMAND LINE ARGUMENTS:
C:\Program Files\Unity\Hub\Editor\2021.3.18f1\Editor\Unity.exe
-adb2
-batchMode
-noUpm
-name
AssetImportWorker0
-projectPath
C:/Users/Santi/Documents/GitHub/BackRoom
-logFile
Logs/AssetImportWorker0.log
-srvPort
57738
Successfully changed project path to: C:/Users/Santi/Documents/GitHub/BackRoom
C:/Users/Santi/Documents/GitHub/BackRoom
[UnityMemory] Configuration Parameters - Can be set up in boot.config
    "memorysetup-bucket-allocator-granularity=16"
    "memorysetup-bucket-allocator-bucket-count=8"
    "memorysetup-bucket-allocator-block-size=33554432"
    "memorysetup-bucket-allocator-block-count=8"
    "memorysetup-main-allocator-block-size=16777216"
    "memorysetup-thread-allocator-block-size=16777216"
    "memorysetup-gfx-main-allocator-block-size=16777216"
    "memorysetup-gfx-thread-allocator-block-size=16777216"
    "memorysetup-cache-allocator-block-size=4194304"
    "memorysetup-typetree-allocator-block-size=2097152"
    "memorysetup-profiler-bucket-allocator-granularity=16"
    "memorysetup-profiler-bucket-allocator-bucket-count=8"
    "memorysetup-profiler-bucket-allocator-block-size=33554432"
    "memorysetup-profiler-bucket-allocator-block-count=8"
    "memorysetup-profiler-allocator-block-size=16777216"
    "memorysetup-profiler-editor-allocator-block-size=1048576"
    "memorysetup-temp-allocator-size-main=16777216"
    "memorysetup-job-temp-allocator-block-size=2097152"
    "memorysetup-job-temp-allocator-block-size-background=1048576"
    "memorysetup-job-temp-allocator-reduction-small-platforms=262144"
    "memorysetup-temp-allocator-size-background-worker=32768"
    "memorysetup-temp-allocator-size-job-worker=262144"
    "memorysetup-temp-allocator-size-preload-manager=33554432"
    "memorysetup-temp-allocator-size-nav-mesh-worker=65536"
    "memorysetup-temp-allocator-size-audio-worker=65536"
    "memorysetup-temp-allocator-size-cloud-worker=32768"
    "memorysetup-temp-allocator-size-gi-baking-worker=262144"
    "memorysetup-temp-allocator-size-gfx=262144"
Player connection [8848] Host "[IP] 192.168.0.183 [Port] 0 [Flags] 2 [Guid] 3625908377 [EditorId] 3625908377 [Version] 1048832 [Id] WindowsEditor(7,DESKTOP-A0T3Q1B) [Debug] 1 [PackageName] WindowsEditor [ProjectName] Editor" joined multi-casting on [225.0.0.222:54997]...

Player connection [8848] Host "[IP] 192.168.0.183 [Port] 0 [Flags] 2 [Guid] 3625908377 [EditorId] 3625908377 [Version] 1048832 [Id] WindowsEditor(7,DESKTOP-A0T3Q1B) [Debug] 1 [PackageName] WindowsEditor [ProjectName] Editor" joined alternative multi-casting on [225.0.0.222:34997]...

Refreshing native plugins compatible for Editor in 24.65 ms, found 2 plugins.
Preloading 0 native plugins for Editor in 0.00 ms.
Initialize engine version: 2021.3.18f1 (3129e69bc0c7)
[Subsystems] Discovering subsystems at path C:/Program Files/Unity/Hub/Editor/2021.3.18f1/Editor/Data/Resources/UnitySubsystems
[Subsystems] Discovering subsystems at path C:/Users/Santi/Documents/GitHub/BackRoom/Assets
GfxDevice: creating device client; threaded=0; jobified=0
Direct3D:
    Version:  Direct3D 11.0 [level 11.1]
    Renderer: NVIDIA GeForce GTX 1660 SUPER (ID=0x21c4)
    Vendor:   NVIDIA
    VRAM:     5980 MB
    Driver:   31.0.15.2849
Initialize mono
Mono path[0] = 'C:/Program Files/Unity/Hub/Editor/2021.3.18f1/Editor/Data/Managed'
Mono path[1] = 'C:/Program Files/Unity/Hub/Editor/2021.3.18f1/Editor/Data/MonoBleedingEdge/lib/mono/unityjit-win32'
Mono config path = 'C:/Program Files/Unity/Hub/Editor/2021.3.18f1/Editor/Data/MonoBleedingEdge/etc'
Using monoOptions --debugger-agent=transport=dt_socket,embedding=1,server=y,suspend=n,address=127.0.0.1:56908
Begin MonoManager ReloadAssembly
Registering precompiled unity dll's ...
Register platform support module: C:/Program Files/Unity/Hub/Editor/2021.3.18f1/Editor/Data/PlaybackEngines/WindowsStandaloneSupport/UnityEditor.WindowsStandalone.Extensions.dll
Registered in 0.005890 seconds.
Native extension for WindowsStandalone target not found
Refreshing native plugins compatible for Editor in 25.89 ms, found 2 plugins.
Preloading 0 native plugins for Editor in 0.00 ms.
Mono: successfully reloaded assembly
- Completed reload, in  0.514 seconds
Domain Reload Profiling:
	ReloadAssembly (514ms)
		BeginReloadAssembly (63ms)
			ExecutionOrderSort (0ms)
			DisableScriptedObjects (0ms)
			BackupInstance (0ms)
			ReleaseScriptingObjects (0ms)
			CreateAndSetChildDomain (1ms)
		EndReloadAssembly (346ms)
			LoadAssemblies (61ms)
			RebuildTransferFunctionScriptingTraits (0ms)
			SetupTypeCache (90ms)
			ReleaseScriptCaches (0ms)
			RebuildScriptCaches (26ms)
			SetupLoadedEditorAssemblies (180ms)
				LogAssemblyErrors (0ms)
				InitializePlatformSupportModulesInManaged (8ms)
				SetLoadedEditorAssemblies (0ms)
				RefreshPlugins (26ms)
				BeforeProcessingInitializeOnLoad (2ms)
				ProcessInitializeOnLoadAttributes (107ms)
				ProcessInitializeOnLoadMethodAttributes (38ms)
				AfterProcessingInitializeOnLoad (0ms)
				EditorAssembliesLoaded (0ms)
			ExecutionOrderSort2 (0ms)
			AwakeInstancesAfterBackupRestoration (0ms)
Platform modules already initialized, skipping
Registering precompiled user dll's ...
Registered in 0.002230 seconds.
Begin MonoManager ReloadAssembly
Native extension for WindowsStandalone target not found
Refreshing native plugins compatible for Editor in 0.32 ms, found 2 plugins.
Preloading 0 native plugins for Editor in 0.00 ms.
Mono: successfully reloaded assembly
- Completed reload, in  0.728 seconds
Domain Reload Profiling:
	ReloadAssembly (729ms)
		BeginReloadAssembly (98ms)
			ExecutionOrderSort (0ms)
			DisableScriptedObjects (5ms)
			BackupInstance (0ms)
			ReleaseScriptingObjects (0ms)
			CreateAndSetChildDomain (17ms)
		EndReloadAssembly (536ms)
			LoadAssemblies (59ms)
			RebuildTransferFunctionScriptingTraits (0ms)
			SetupTypeCache (148ms)
			ReleaseScriptCaches (0ms)
			RebuildScriptCaches (44ms)
			SetupLoadedEditorAssemblies (258ms)
				LogAssemblyErrors (0ms)
				InitializePlatformSupportModulesInManaged (5ms)
				SetLoadedEditorAssemblies (0ms)
				RefreshPlugins (0ms)
				BeforeProcessingInitializeOnLoad (42ms)
				ProcessInitializeOnLoadAttributes (185ms)
				ProcessInitializeOnLoadMethodAttributes (17ms)
				AfterProcessingInitializeOnLoad (7ms)
				EditorAssembliesLoaded (0ms)
			ExecutionOrderSort2 (0ms)
			AwakeInstancesAfterBackupRestoration (4ms)
Platform modules already initialized, skipping
========================================================================
Worker process is ready to serve import requests
Launched and connected shader compiler UnityShaderCompiler.exe after 0.05 seconds
Refreshing native plugins compatible for Editor in 0.41 ms, found 2 plugins.
Preloading 0 native plugins for Editor in 0.00 ms.
Unloading 1457 Unused Serialized files (Serialized files now loaded: 0)
Unloading 15 unused Assets / (30.2 KB). Loaded Objects now: 1947.
Memory consumption went from 82.5 MB to 82.5 MB.
Total: 1.972200 ms (FindLiveObjects: 0.150800 ms CreateObjectMapping: 0.050000 ms MarkObjects: 1.756900 ms  DeleteObjects: 0.013800 ms)

AssetImportParameters requested are different than current active one (requested -> active):
  custom:video-decoder-ogg-theora: a1e56fd34408186e4bbccfd4996cb3dc -> 
  custom:container-muxer-webm: aa71ff27fc2769a1b78a27578f13a17b -> 
  custom:container-demuxer-webm: 4f35f7cbe854078d1ac9338744f61a02 -> 
  custom:video-encoder-webm-vp8: eb34c28f22e8b96e1ab97ce403110664 -> 
  custom:audio-encoder-webm-vorbis: bf7c407c2cedff20999df2af8eb42d56 -> 
  custom:framework-win-MediaFoundation: 216162199b28c13a410421893ffa2e32 -> 
  custom:container-demuxer-ogg: 62fdf1f143b41e24485cea50d1cbac27 -> 
  custom:video-decoder-webm-vp8: 9c59270c3fd7afecdb556c50c9e8de78 -> 
  custom:audio-decoder-ogg-vorbis: bf7c407c2cedff20999df2af8eb42d56 -> 
========================================================================
Received Import Request.
  Time since last request: 249408.792037 seconds.
  path: Assets/Script/pathFinding/IPoints.cs
  artifactKey: Guid(4b232de17c8056248b708d3e567201fe) Importer(815301076,1909f56bfc062723c751e8b465ee728b)
Start importing Assets/Script/pathFinding/IPoints.cs using Guid(4b232de17c8056248b708d3e567201fe) Importer(815301076,1909f56bfc062723c751e8b465ee728b)  -> (artifact id: 'cfbf10b34dccbd2af72442d394d8e234') in 0.023064 seconds 
========================================================================
Received Import Request.
  Time since last request: 0.799821 seconds.
  path: Assets/Script/pathFinding/diffNode.cs
  artifactKey: Guid(0613fa94f9dba0746bac7050cbbcc9d8) Importer(815301076,1909f56bfc062723c751e8b465ee728b)
Start importing Assets/Script/pathFinding/diffNode.cs using Guid(0613fa94f9dba0746bac7050cbbcc9d8) Importer(815301076,1909f56bfc062723c751e8b465ee728b)  -> (artifact id: 'c871f26388fa0ce72634d9704a8d8fe1') in 0.008010 seconds 
========================================================================
Received Prepare
Registering precompiled user dll's ...
Registered in 0.002115 seconds.
Begin MonoManager ReloadAssembly
Native extension for WindowsStandalone target not found
Refreshing native plugins compatible for Editor in 0.31 ms, found 2 plugins.
Preloading 0 native plugins for Editor in 0.00 ms.
Mono: successfully reloaded assembly
- Completed reload, in  0.698 seconds
Domain Reload Profiling:
	ReloadAssembly (699ms)
		BeginReloadAssembly (106ms)
			ExecutionOrderSort (0ms)
			DisableScriptedObjects (6ms)
			BackupInstance (0ms)
			ReleaseScriptingObjects (0ms)
			CreateAndSetChildDomain (25ms)
		EndReloadAssembly (508ms)
			LoadAssemblies (60ms)
			RebuildTransferFunctionScriptingTraits (0ms)
			SetupTypeCache (144ms)
			ReleaseScriptCaches (1ms)
			RebuildScriptCaches (32ms)
			SetupLoadedEditorAssemblies (236ms)
				LogAssemblyErrors (0ms)
				InitializePlatformSupportModulesInManaged (10ms)
				SetLoadedEditorAssemblies (0ms)
				RefreshPlugins (0ms)
				BeforeProcessingInitializeOnLoad (39ms)
				ProcessInitializeOnLoadAttributes (162ms)
				ProcessInitializeOnLoadMethodAttributes (17ms)
				AfterProcessingInitializeOnLoad (7ms)
				EditorAssembliesLoaded (0ms)
			ExecutionOrderSort2 (0ms)
			AwakeInstancesAfterBackupRestoration (5ms)
Platform modules already initialized, skipping
Refreshing native plugins compatible for Editor in 1.32 ms, found 2 plugins.
Preloading 0 native plugins for Editor in 0.00 ms.
Unloading 1438 Unused Serialized files (Serialized files now loaded: 0)
Unloading 9 unused Assets / (24.6 KB). Loaded Objects now: 1950.
Memory consumption went from 80.7 MB to 80.7 MB.
Total: 1.907600 ms (FindLiveObjects: 0.128400 ms CreateObjectMapping: 0.042500 ms MarkObjects: 1.725800 ms  DeleteObjects: 0.010200 ms)

AssetImportParameters requested are different than current active one (requested -> active):
  custom:video-decoder-ogg-theora: a1e56fd34408186e4bbccfd4996cb3dc -> 
  custom:container-muxer-webm: aa71ff27fc2769a1b78a27578f13a17b -> 
  custom:container-demuxer-webm: 4f35f7cbe854078d1ac9338744f61a02 -> 
  custom:video-encoder-webm-vp8: eb34c28f22e8b96e1ab97ce403110664 -> 
  custom:audio-encoder-webm-vorbis: bf7c407c2cedff20999df2af8eb42d56 -> 
  custom:framework-win-MediaFoundation: 216162199b28c13a410421893ffa2e32 -> 
  custom:container-demuxer-ogg: 62fdf1f143b41e24485cea50d1cbac27 -> 
  custom:video-decoder-webm-vp8: 9c59270c3fd7afecdb556c50c9e8de78 -> 
  custom:audio-decoder-ogg-vorbis: bf7c407c2cedff20999df2af8eb42d56 -> 
========================================================================
Received Prepare
Registering precompiled user dll's ...
Registered in 0.002525 seconds.
Begin MonoManager ReloadAssembly
Native extension for WindowsStandalone target not found
Refreshing native plugins compatible for Editor in 0.36 ms, found 2 plugins.
Preloading 0 native plugins for Editor in 0.00 ms.
Mono: successfully reloaded assembly
- Completed reload, in  0.697 seconds
Domain Reload Profiling:
	ReloadAssembly (698ms)
		BeginReloadAssembly (108ms)
			ExecutionOrderSort (0ms)
			DisableScriptedObjects (5ms)
			BackupInstance (0ms)
			ReleaseScriptingObjects (0ms)
			CreateAndSetChildDomain (25ms)
		EndReloadAssembly (508ms)
			LoadAssemblies (62ms)
			RebuildTransferFunctionScriptingTraits (0ms)
			SetupTypeCache (140ms)
			ReleaseScriptCaches (1ms)
			RebuildScriptCaches (36ms)
			SetupLoadedEditorAssemblies (231ms)
				LogAssemblyErrors (0ms)
				InitializePlatformSupportModulesInManaged (10ms)
				SetLoadedEditorAssemblies (0ms)
				RefreshPlugins (0ms)
				BeforeProcessingInitializeOnLoad (39ms)
				ProcessInitializeOnLoadAttributes (156ms)
				ProcessInitializeOnLoadMethodAttributes (17ms)
				AfterProcessingInitializeOnLoad (8ms)
				EditorAssembliesLoaded (0ms)
			ExecutionOrderSort2 (0ms)
			AwakeInstancesAfterBackupRestoration (6ms)
Platform modules already initialized, skipping
Refreshing native plugins compatible for Editor in 1.14 ms, found 2 plugins.
Preloading 0 native plugins for Editor in 0.00 ms.
Unloading 1438 Unused Serialized files (Serialized files now loaded: 0)
Unloading 9 unused Assets / (24.6 KB). Loaded Objects now: 1953.
Memory consumption went from 80.7 MB to 80.7 MB.
Total: 2.216300 ms (FindLiveObjects: 0.136100 ms CreateObjectMapping: 0.061100 ms MarkObjects: 2.005800 ms  DeleteObjects: 0.012800 ms)

AssetImportParameters requested are different than current active one (requested -> active):
  custom:video-decoder-ogg-theora: a1e56fd34408186e4bbccfd4996cb3dc -> 
  custom:container-muxer-webm: aa71ff27fc2769a1b78a27578f13a17b -> 
  custom:container-demuxer-webm: 4f35f7cbe854078d1ac9338744f61a02 -> 
  custom:video-encoder-webm-vp8: eb34c28f22e8b96e1ab97ce403110664 -> 
  custom:audio-encoder-webm-vorbis: bf7c407c2cedff20999df2af8eb42d56 -> 
  custom:framework-win-MediaFoundation: 216162199b28c13a410421893ffa2e32 -> 
  custom:container-demuxer-ogg: 62fdf1f143b41e24485cea50d1cbac27 -> 
  custom:video-decoder-webm-vp8: 9c59270c3fd7afecdb556c50c9e8de78 -> 
  custom:audio-decoder-ogg-vorbis: bf7c407c2cedff20999df2af8eb42d56 -> 
========================================================================
Received Prepare
Registering precompiled user dll's ...
Registered in 0.002041 seconds.
Begin MonoManager ReloadAssembly
Native extension for WindowsStandalone target not found
Refreshing native plugins compatible for Editor in 0.32 ms, found 2 plugins.
Preloading 0 native plugins for Editor in 0.00 ms.
Mono: successfully reloaded assembly
- Completed reload, in  0.720 seconds
Domain Reload Profiling:
	ReloadAssembly (720ms)
		BeginReloadAssembly (108ms)
			ExecutionOrderSort (0ms)
			DisableScriptedObjects (5ms)
			BackupInstance (0ms)
			ReleaseScriptingObjects (0ms)
			CreateAndSetChildDomain (25ms)
		EndReloadAssembly (519ms)
			LoadAssemblies (60ms)
			RebuildTransferFunctionScriptingTraits (0ms)
			SetupTypeCache (143ms)
			ReleaseScriptCaches (1ms)
			RebuildScriptCaches (32ms)
			SetupLoadedEditorAssemblies (251ms)
				LogAssemblyErrors (0ms)
				InitializePlatformSupportModulesInManaged (11ms)
				SetLoadedEditorAssemblies (0ms)
				RefreshPlugins (0ms)
				BeforeProcessingInitializeOnLoad (45ms)
				ProcessInitializeOnLoadAttributes (168ms)
				ProcessInitializeOnLoadMethodAttributes (17ms)
				AfterProcessingInitializeOnLoad (9ms)
				EditorAssembliesLoaded (0ms)
			ExecutionOrderSort2 (0ms)
			AwakeInstancesAfterBackupRestoration (5ms)
Platform modules already initialized, skipping
Refreshing native plugins compatible for Editor in 0.97 ms, found 2 plugins.
Preloading 0 native plugins for Editor in 0.00 ms.
Unloading 1438 Unused Serialized files (Serialized files now loaded: 0)
Unloading 9 unused Assets / (24.6 KB). Loaded Objects now: 1956.
Memory consumption went from 80.7 MB to 80.7 MB.
Total: 1.923700 ms (FindLiveObjects: 0.141200 ms CreateObjectMapping: 0.060800 ms MarkObjects: 1.710700 ms  DeleteObjects: 0.010500 ms)

AssetImportParameters requested are different than current active one (requested -> active):
  custom:video-decoder-ogg-theora: a1e56fd34408186e4bbccfd4996cb3dc -> 
  custom:container-muxer-webm: aa71ff27fc2769a1b78a27578f13a17b -> 
  custom:container-demuxer-webm: 4f35f7cbe854078d1ac9338744f61a02 -> 
  custom:video-encoder-webm-vp8: eb34c28f22e8b96e1ab97ce403110664 -> 
  custom:audio-encoder-webm-vorbis: bf7c407c2cedff20999df2af8eb42d56 -> 
  custom:framework-win-MediaFoundation: 216162199b28c13a410421893ffa2e32 -> 
  custom:container-demuxer-ogg: 62fdf1f143b41e24485cea50d1cbac27 -> 
  custom:video-decoder-webm-vp8: 9c59270c3fd7afecdb556c50c9e8de78 -> 
  custom:audio-decoder-ogg-vorbis: bf7c407c2cedff20999df2af8eb42d56 -> 
========================================================================
Received Import Request.
  Time since last request: 692.723414 seconds.
  path: Assets/Assets/Pistol/textures/9mmPistol_LOW_9m1_Roughness.png
  artifactKey: Guid(6fb0a7a27924b014f92c9f17cdbf99d6) Importer(815301076,1909f56bfc062723c751e8b465ee728b)
Start importing Assets/Assets/Pistol/textures/9mmPistol_LOW_9m1_Roughness.png using Guid(6fb0a7a27924b014f92c9f17cdbf99d6) Importer(815301076,1909f56bfc062723c751e8b465ee728b)  -> (artifact id: '43fa2963030c525ef3490056afeaada9') in 0.166592 seconds 
========================================================================
Received Import Request.
  Time since last request: 0.000041 seconds.
  path: Assets/Texture/ArtzkillZnetTexturePack01/Ground039_2K-PNG/Ground039_2K_Color.png
  artifactKey: Guid(3c6cd5b56f8b25c40bd7f1f42f91400b) Importer(815301076,1909f56bfc062723c751e8b465ee728b)
Start importing Assets/Texture/ArtzkillZnetTexturePack01/Ground039_2K-PNG/Ground039_2K_Color.png using Guid(3c6cd5b56f8b25c40bd7f1f42f91400b) Importer(815301076,1909f56bfc062723c751e8b465ee728b)  -> (artifact id: '24215d7dc6c55e633ec7738214b15b5d') in 0.052856 seconds 
========================================================================
Received Import Request.
  Time since last request: 0.000033 seconds.
  path: Assets/Texture/ArtzkillZnetTexturePack01/Ground039_2K-PNG/Ground039_2K_Displacement.png
  artifactKey: Guid(5696f4e0c2fef1d42b76f57a1d967923) Importer(815301076,1909f56bfc062723c751e8b465ee728b)
Start importing Assets/Texture/ArtzkillZnetTexturePack01/Ground039_2K-PNG/Ground039_2K_Displacement.png using Guid(5696f4e0c2fef1d42b76f57a1d967923) Importer(815301076,1909f56bfc062723c751e8b465ee728b)  -> (artifact id: '9f89d33888a54e172ae24e0ece98ddc0') in 0.043171 seconds 
========================================================================
Received Import Request.
  Time since last request: 0.000014 seconds.
  path: Assets/Texture/ArtzkillZnetTexturePack01/Ground048_2K-PNG/Ground048_2K_NormalGL.png
  artifactKey: Guid(aa3be86aca8da534fab29a696d91aefd) Importer(815301076,1909f56bfc062723c751e8b465ee728b)
Start importing Assets/Texture/ArtzkillZnetTexturePack01/Ground048_2K-PNG/Ground048_2K_NormalGL.png using Guid(aa3be86aca8da534fab29a696d91aefd) Importer(815301076,1909f56bfc062723c751e8b465ee728b)  -> (artifact id: 'd293fe10e9212f088f0d29f0def2cff2') in 0.066443 seconds 
========================================================================
Received Import Request.
  Time since last request: 0.000016 seconds.
  path: Assets/Texture/ArtzkillZnetTexturePack01/Ground039_2K-PNG/Materials/Ground039_2K_Color.mat
  artifactKey: Guid(d9c5c3a8ffe3aed4bbefe0a8b3241310) Importer(815301076,1909f56bfc062723c751e8b465ee728b)
Start importing Assets/Texture/ArtzkillZnetTexturePack01/Ground039_2K-PNG/Materials/Ground039_2K_Color.mat using Guid(d9c5c3a8ffe3aed4bbefe0a8b3241310) Importer(815301076,1909f56bfc062723c751e8b465ee728b)  -> (artifact id: '534020a235980621c6dbf4d5f141538b') in 0.125557 seconds 
========================================================================
Received Import Request.
  Time since last request: 0.000018 seconds.
  path: Assets/Texture/ArtzkillZnetTexturePack01/Ground048_2K-PNG/Ground048_2K_AmbientOcclusion.png
  artifactKey: Guid(58f1fa5a0ee7ef74291027702669e0c6) Importer(815301076,1909f56bfc062723c751e8b465ee728b)
Start importing Assets/Texture/ArtzkillZnetTexturePack01/Ground048_2K-PNG/Ground048_2K_AmbientOcclusion.png using Guid(58f1fa5a0ee7ef74291027702669e0c6) Importer(815301076,1909f56bfc062723c751e8b465ee728b)  -> (artifact id: '607213b26f1a69081ad56ccac6c16249') in 0.028541 seconds 
========================================================================
Received Import Request.
  Time since last request: 0.000023 seconds.
  path: Assets/Texture/ArtzkillZnetTexturePack01/Ground048_2K-PNG 1/Ground048_2K_AmbientOcclusion.png
  artifactKey: Guid(a319b3738acd67b4a92fd88fa2ebfa63) Importer(815301076,1909f56bfc062723c751e8b465ee728b)
Start importing Assets/Texture/ArtzkillZnetTexturePack01/Ground048_2K-PNG 1/Ground048_2K_AmbientOcclusion.png using Guid(a319b3738acd67b4a92fd88fa2ebfa63) Importer(815301076,1909f56bfc062723c751e8b465ee728b)  -> (artifact id: 'b75f7290f1f772ecc7aa0c203b5de34f') in 0.016034 seconds 
========================================================================
Received Import Request.
  Time since last request: 0.000017 seconds.
  path: Assets/Assets/Pistol/textures/9mmPistol_LOW_9m2_Roughness.png
  artifactKey: Guid(dfb70202b3d8bf149bce4ec60ce4a530) Importer(815301076,1909f56bfc062723c751e8b465ee728b)
Start importing Assets/Assets/Pistol/textures/9mmPistol_LOW_9m2_Roughness.png using Guid(dfb70202b3d8bf149bce4ec60ce4a530) Importer(815301076,1909f56bfc062723c751e8b465ee728b)  -> (artifact id: '89a3a1b50b40a87bc58cd28c009a5c5e') in 0.015221 seconds 
========================================================================
Received Import Request.
  Time since last request: 0.000023 seconds.
  path: Assets/Texture/ArtzkillZnetTexturePack01/Ground039_2K-PNG/Ground039_2K_AmbientOcclusion.png
  artifactKey: Guid(7c57c9e38da193e4cab0897eb7cc3401) Importer(815301076,1909f56bfc062723c751e8b465ee728b)
Start importing Assets/Texture/ArtzkillZnetTexturePack01/Ground039_2K-PNG/Ground039_2K_AmbientOcclusion.png using Guid(7c57c9e38da193e4cab0897eb7cc3401) Importer(815301076,1909f56bfc062723c751e8b465ee728b)  -> (artifact id: '54ce4252d662c331855eb1aba81e6ea0') in 0.027890 seconds 
========================================================================
Received Import Request.
  Time since last request: 0.000014 seconds.
  path: Assets/Texture/ArtzkillZnetTexturePack01/Ground039_2K-PNG/Ground039_2K_NormalGL.png
  artifactKey: Guid(d3bea045961499a4884c268c9adc7382) Importer(815301076,1909f56bfc062723c751e8b465ee728b)
Start importing Assets/Texture/ArtzkillZnetTexturePack01/Ground039_2K-PNG/Ground039_2K_NormalGL.png using Guid(d3bea045961499a4884c268c9adc7382) Importer(815301076,1909f56bfc062723c751e8b465ee728b)  -> (artifact id: '501452678e5f7828fe130ffdb25680c3') in 0.016322 seconds 
========================================================================
Received Import Request.
  Time since last request: 0.000016 seconds.
  path: Assets/Texture/ArtzkillZnetTexturePack01/Ground039_2K-PNG/Ground039_2K_Roughness.png
  artifactKey: Guid(4c44992ae654f9b41af5a988fe3c268d) Importer(815301076,1909f56bfc062723c751e8b465ee728b)
Start importing Assets/Texture/ArtzkillZnetTexturePack01/Ground039_2K-PNG/Ground039_2K_Roughness.png using Guid(4c44992ae654f9b41af5a988fe3c268d) Importer(815301076,1909f56bfc062723c751e8b465ee728b)  -> (artifact id: 'fd341b440daaa222603dff30bda201b6') in 0.014945 seconds 
========================================================================
Received Import Request.
  Time since last request: 0.000015 seconds.
  path: Assets/Texture/ArtzkillZnetTexturePack01/Ground048_2K-PNG/Ground048_2K_Color.png
  artifactKey: Guid(571e281650e08894f82dc267b81f83a2) Importer(815301076,1909f56bfc062723c751e8b465ee728b)
Start importing Assets/Texture/ArtzkillZnetTexturePack01/Ground048_2K-PNG/Ground048_2K_Color.png using Guid(571e281650e08894f82dc267b81f83a2) Importer(815301076,1909f56bfc062723c751e8b465ee728b)  -> (artifact id: 'b024d321389ac401a369652bf5878d29') in 0.015407 seconds 
Editor requested this worker to shutdown with reason: Scaling down because of idle timeout
AssetImportWorker is now disconnected from the server
Process exiting
Exiting without the bug reporter. Application will terminate with return code 0