Using pre-set license
Built from '2021.3/staging' branch; Version is '2021.3.18f1 (3129e69bc0c7) revision 3221990'; Using compiler version '192829333'; Build Type 'Release'
OS: 'Windows 10  (10.0.19045) 64bit Professional' Language: 'es' Physical Memory: 16315 MB
BatchMode: 1, IsHumanControllingUs: 0, StartBugReporterOnCrash: 0, Is64bit: 1, IsPro: 1

COMMAND LINE ARGUMENTS:
D:\Unity\Unity 2021.3.18f1\Editor\Unity.exe
-adb2
-batchMode
-noUpm
-name
AssetImportWorker2
-projectPath
D:/GitHub/BackRoom
-logFile
Logs/AssetImportWorker2.log
-srvPort
65119
Successfully changed project path to: D:/GitHub/BackRoom
D:/GitHub/BackRoom
[UnityMemory] Configuration Parameters - Can be set up in boot.config
    "memorysetup-bucket-allocator-granularity=16"
    "memorysetup-bucket-allocator-bucket-count=8"
    "memorysetup-bucket-allocator-block-size=33554432"
    "memorysetup-bucket-allocator-block-count=8"
    "memorysetup-main-allocator-block-size=16777216"
    "memorysetup-thread-allocator-block-size=16777216"
    "memorysetup-gfx-main-allocator-block-size=16777216"
    "memorysetup-gfx-thread-allocator-block-size=16777216"
    "memorysetup-cache-allocator-block-size=4194304"
    "memorysetup-typetree-allocator-block-size=2097152"
    "memorysetup-profiler-bucket-allocator-granularity=16"
    "memorysetup-profiler-bucket-allocator-bucket-count=8"
    "memorysetup-profiler-bucket-allocator-block-size=33554432"
    "memorysetup-profiler-bucket-allocator-block-count=8"
    "memorysetup-profiler-allocator-block-size=16777216"
    "memorysetup-profiler-editor-allocator-block-size=1048576"
    "memorysetup-temp-allocator-size-main=16777216"
    "memorysetup-job-temp-allocator-block-size=2097152"
    "memorysetup-job-temp-allocator-block-size-background=1048576"
    "memorysetup-job-temp-allocator-reduction-small-platforms=262144"
    "memorysetup-temp-allocator-size-background-worker=32768"
    "memorysetup-temp-allocator-size-job-worker=262144"
    "memorysetup-temp-allocator-size-preload-manager=33554432"
    "memorysetup-temp-allocator-size-nav-mesh-worker=65536"
    "memorysetup-temp-allocator-size-audio-worker=65536"
    "memorysetup-temp-allocator-size-cloud-worker=32768"
    "memorysetup-temp-allocator-size-gi-baking-worker=262144"
    "memorysetup-temp-allocator-size-gfx=262144"
Player connection [13236] Host "[IP] 192.168.1.105 [Port] 0 [Flags] 2 [Guid] 213576662 [EditorId] 213576662 [Version] 1048832 [Id] WindowsEditor(7,DESKTOP-3EJR84T) [Debug] 1 [PackageName] WindowsEditor [ProjectName] Editor" joined multi-casting on [225.0.0.222:54997]...

Player connection [13236] Host "[IP] 192.168.1.105 [Port] 0 [Flags] 2 [Guid] 213576662 [EditorId] 213576662 [Version] 1048832 [Id] WindowsEditor(7,DESKTOP-3EJR84T) [Debug] 1 [PackageName] WindowsEditor [ProjectName] Editor" joined alternative multi-casting on [225.0.0.222:34997]...

Refreshing native plugins compatible for Editor in 31.88 ms, found 2 plugins.
Preloading 0 native plugins for Editor in 0.00 ms.
Initialize engine version: 2021.3.18f1 (3129e69bc0c7)
[Subsystems] Discovering subsystems at path D:/Unity/Unity 2021.3.18f1/Editor/Data/Resources/UnitySubsystems
[Subsystems] Discovering subsystems at path D:/GitHub/BackRoom/Assets
GfxDevice: creating device client; threaded=0; jobified=0
Direct3D:
    Version:  Direct3D 11.0 [level 11.1]
    Renderer: Radeon RX 570 Series (ID=0x67df)
    Vendor:   ATI
    VRAM:     8170 MB
    Driver:   31.0.14057.5006
Initialize mono
Mono path[0] = 'D:/Unity/Unity 2021.3.18f1/Editor/Data/Managed'
Mono path[1] = 'D:/Unity/Unity 2021.3.18f1/Editor/Data/MonoBleedingEdge/lib/mono/unityjit-win32'
Mono config path = 'D:/Unity/Unity 2021.3.18f1/Editor/Data/MonoBleedingEdge/etc'
Using monoOptions --debugger-agent=transport=dt_socket,embedding=1,server=y,suspend=n,address=127.0.0.1:56036
Begin MonoManager ReloadAssembly
Registering precompiled unity dll's ...
Register platform support module: D:/Unity/Unity 2021.3.18f1/Editor/Data/PlaybackEngines/WindowsStandaloneSupport/UnityEditor.WindowsStandalone.Extensions.dll
Registered in 0.002934 seconds.
Native extension for WindowsStandalone target not found
Refreshing native plugins compatible for Editor in 34.03 ms, found 2 plugins.
Preloading 0 native plugins for Editor in 0.00 ms.
Mono: successfully reloaded assembly
- Completed reload, in  0.679 seconds
Domain Reload Profiling:
	ReloadAssembly (679ms)
		BeginReloadAssembly (116ms)
			ExecutionOrderSort (0ms)
			DisableScriptedObjects (0ms)
			BackupInstance (0ms)
			ReleaseScriptingObjects (0ms)
			CreateAndSetChildDomain (1ms)
		EndReloadAssembly (446ms)
			LoadAssemblies (115ms)
			RebuildTransferFunctionScriptingTraits (0ms)
			SetupTypeCache (111ms)
			ReleaseScriptCaches (0ms)
			RebuildScriptCaches (36ms)
			SetupLoadedEditorAssemblies (244ms)
				LogAssemblyErrors (0ms)
				InitializePlatformSupportModulesInManaged (8ms)
				SetLoadedEditorAssemblies (0ms)
				RefreshPlugins (34ms)
				BeforeProcessingInitializeOnLoad (2ms)
				ProcessInitializeOnLoadAttributes (149ms)
				ProcessInitializeOnLoadMethodAttributes (50ms)
				AfterProcessingInitializeOnLoad (0ms)
				EditorAssembliesLoaded (0ms)
			ExecutionOrderSort2 (0ms)
			AwakeInstancesAfterBackupRestoration (0ms)
Platform modules already initialized, skipping
Registering precompiled user dll's ...
Registered in 0.002159 seconds.
Begin MonoManager ReloadAssembly
Native extension for WindowsStandalone target not found
Refreshing native plugins compatible for Editor in 0.39 ms, found 2 plugins.
Preloading 0 native plugins for Editor in 0.00 ms.
Mono: successfully reloaded assembly
- Completed reload, in  0.944 seconds
Domain Reload Profiling:
	ReloadAssembly (945ms)
		BeginReloadAssembly (173ms)
			ExecutionOrderSort (0ms)
			DisableScriptedObjects (7ms)
			BackupInstance (0ms)
			ReleaseScriptingObjects (0ms)
			CreateAndSetChildDomain (22ms)
		EndReloadAssembly (648ms)
			LoadAssemblies (131ms)
			RebuildTransferFunctionScriptingTraits (0ms)
			SetupTypeCache (188ms)
			ReleaseScriptCaches (1ms)
			RebuildScriptCaches (57ms)
			SetupLoadedEditorAssemblies (283ms)
				LogAssemblyErrors (0ms)
				InitializePlatformSupportModulesInManaged (4ms)
				SetLoadedEditorAssemblies (0ms)
				RefreshPlugins (0ms)
				BeforeProcessingInitializeOnLoad (43ms)
				ProcessInitializeOnLoadAttributes (214ms)
				ProcessInitializeOnLoadMethodAttributes (19ms)
				AfterProcessingInitializeOnLoad (3ms)
				EditorAssembliesLoaded (0ms)
			ExecutionOrderSort2 (0ms)
			AwakeInstancesAfterBackupRestoration (5ms)
Platform modules already initialized, skipping
========================================================================
Worker process is ready to serve import requests
Launched and connected shader compiler UnityShaderCompiler.exe after 0.06 seconds
Refreshing native plugins compatible for Editor in 0.43 ms, found 2 plugins.
Preloading 0 native plugins for Editor in 0.00 ms.
Unloading 1457 Unused Serialized files (Serialized files now loaded: 0)
Unloading 16 unused Assets / (56.5 KB). Loaded Objects now: 1931.
Memory consumption went from 69.7 MB to 69.7 MB.
Total: 5.302300 ms (FindLiveObjects: 0.931200 ms CreateObjectMapping: 0.448100 ms MarkObjects: 3.794000 ms  DeleteObjects: 0.126800 ms)

AssetImportParameters requested are different than current active one (requested -> active):
  custom:video-decoder-ogg-theora: a1e56fd34408186e4bbccfd4996cb3dc -> 
  custom:container-muxer-webm: aa71ff27fc2769a1b78a27578f13a17b -> 
  custom:container-demuxer-webm: 4f35f7cbe854078d1ac9338744f61a02 -> 
  custom:video-encoder-webm-vp8: eb34c28f22e8b96e1ab97ce403110664 -> 
  custom:audio-encoder-webm-vorbis: bf7c407c2cedff20999df2af8eb42d56 -> 
  custom:framework-win-MediaFoundation: 216162199b28c13a410421893ffa2e32 -> 
  custom:container-demuxer-ogg: 62fdf1f143b41e24485cea50d1cbac27 -> 
  custom:video-decoder-webm-vp8: 9c59270c3fd7afecdb556c50c9e8de78 -> 
  custom:audio-decoder-ogg-vorbis: bf7c407c2cedff20999df2af8eb42d56 -> 
========================================================================
Received Import Request.
  Time since last request: 36927.410555 seconds.
  path: Assets/Animations/PlayerAnim/Remy.fbm/Remy_Shoes_Normal.png
  artifactKey: Guid(62d12acd60c7d6e48855dc381bb1da89) Importer(815301076,1909f56bfc062723c751e8b465ee728b)
Start importing Assets/Animations/PlayerAnim/Remy.fbm/Remy_Shoes_Normal.png using Guid(62d12acd60c7d6e48855dc381bb1da89) Importer(815301076,1909f56bfc062723c751e8b465ee728b)  -> (artifact id: 'aff5a6ce9b9ab331677fb3073d2f6b27') in 0.278118 seconds 
========================================================================
Received Import Request.
  Time since last request: 0.000027 seconds.
  path: Assets/Animations/PlayerAnim/Remy.fbm/Remy_Hair_Opacity.png
  artifactKey: Guid(c9964f3642c769545a4732581eb53a75) Importer(815301076,1909f56bfc062723c751e8b465ee728b)
Start importing Assets/Animations/PlayerAnim/Remy.fbm/Remy_Hair_Opacity.png using Guid(c9964f3642c769545a4732581eb53a75) Importer(815301076,1909f56bfc062723c751e8b465ee728b)  -> (artifact id: '9f7d60c67af5eeea52d6dfa9706340ae') in 0.136667 seconds 
========================================================================
Received Import Request.
  Time since last request: 0.000054 seconds.
  path: Assets/Animations/PlayerAnim/Remy.fbm/Remy_Shoes_Diffuse.png
  artifactKey: Guid(bf3311bb6f1dde042840395130cf791c) Importer(815301076,1909f56bfc062723c751e8b465ee728b)
Start importing Assets/Animations/PlayerAnim/Remy.fbm/Remy_Shoes_Diffuse.png using Guid(bf3311bb6f1dde042840395130cf791c) Importer(815301076,1909f56bfc062723c751e8b465ee728b)  -> (artifact id: '8118c3dbfadff63ee457ffe0970c2f32') in 0.023181 seconds 
========================================================================
Received Import Request.
  Time since last request: 0.000023 seconds.
  path: Assets/Animations/PlayerAnim/Remy.fbm/Remy_Bottom_Gloss.png
  artifactKey: Guid(5100c1fd4fa23414fab3352336328d09) Importer(815301076,1909f56bfc062723c751e8b465ee728b)
Start importing Assets/Animations/PlayerAnim/Remy.fbm/Remy_Bottom_Gloss.png using Guid(5100c1fd4fa23414fab3352336328d09) Importer(815301076,1909f56bfc062723c751e8b465ee728b)  -> (artifact id: '2a795d132b25d7fc8c3c4dd2e7504c42') in 0.041419 seconds 
========================================================================
Received Import Request.
  Time since last request: 0.000028 seconds.
  path: Assets/Animations/PlayerAnim/Remy.fbm/Remy_Bottom_Diffuse.png
  artifactKey: Guid(9dc60953137eb1e44afb916cb50b69bd) Importer(815301076,1909f56bfc062723c751e8b465ee728b)
Start importing Assets/Animations/PlayerAnim/Remy.fbm/Remy_Bottom_Diffuse.png using Guid(9dc60953137eb1e44afb916cb50b69bd) Importer(815301076,1909f56bfc062723c751e8b465ee728b)  -> (artifact id: '57819f7083241ccbd5359970f59a9aab') in 0.015479 seconds 
========================================================================
Received Import Request.
  Time since last request: 0.000022 seconds.
  path: Assets/Animations/PlayerAnim/Remy.fbm/Remy_Body_Opacity.png
  artifactKey: Guid(5697801dfabc8d24ea093ec0570270a0) Importer(815301076,1909f56bfc062723c751e8b465ee728b)
Start importing Assets/Animations/PlayerAnim/Remy.fbm/Remy_Body_Opacity.png using Guid(5697801dfabc8d24ea093ec0570270a0) Importer(815301076,1909f56bfc062723c751e8b465ee728b)  -> (artifact id: 'd2520114cd6f3d98ae65b281af5fa7d0') in 0.381166 seconds 
========================================================================
Received Import Request.
  Time since last request: 0.000016 seconds.
  path: Assets/Animations/PlayerAnim/Remy.fbm/Remy_Body_Normal.png
  artifactKey: Guid(cde4e79b08d9e944fabfa1b773877333) Importer(815301076,1909f56bfc062723c751e8b465ee728b)
Start importing Assets/Animations/PlayerAnim/Remy.fbm/Remy_Body_Normal.png using Guid(cde4e79b08d9e944fabfa1b773877333) Importer(815301076,1909f56bfc062723c751e8b465ee728b)  -> (artifact id: 'c67e11f4dbcb195f91ac6dcb6dbdaef7') in 0.023443 seconds 
========================================================================
Received Import Request.
  Time since last request: 0.000083 seconds.
  path: Assets/Animations/PlayerAnim/Remy.fbm/Remy_Top_Diffuse.png
  artifactKey: Guid(fba996a17573bb44282218d977e46fb5) Importer(815301076,1909f56bfc062723c751e8b465ee728b)
Start importing Assets/Animations/PlayerAnim/Remy.fbm/Remy_Top_Diffuse.png using Guid(fba996a17573bb44282218d977e46fb5) Importer(815301076,1909f56bfc062723c751e8b465ee728b)  -> (artifact id: 'cdffcf9059bec47d247233dade99173a') in 0.050253 seconds 
========================================================================
Received Import Request.
  Time since last request: 0.000016 seconds.
  path: Assets/Animations/PlayerAnim/Remy.fbm/Remy_Body_Diffuse.png
  artifactKey: Guid(d7d26879fa7d1014b84fbb4f87a9c813) Importer(815301076,1909f56bfc062723c751e8b465ee728b)
Start importing Assets/Animations/PlayerAnim/Remy.fbm/Remy_Body_Diffuse.png using Guid(d7d26879fa7d1014b84fbb4f87a9c813) Importer(815301076,1909f56bfc062723c751e8b465ee728b)  -> (artifact id: 'e098bc3aad48a716ec034323952c7432') in 0.044361 seconds 
========================================================================
Received Import Request.
  Time since last request: 0.000226 seconds.
  path: Assets/Texture/AllSkyFree/SKYBOX UTILIZADA (NOCHE)/Materials/AllSky_Night_MoonBurst Equirect.mat
  artifactKey: Guid(2ea4d48f3469f574a856d472a1cb5a07) Importer(815301076,1909f56bfc062723c751e8b465ee728b)
Start importing Assets/Texture/AllSkyFree/SKYBOX UTILIZADA (NOCHE)/Materials/AllSky_Night_MoonBurst Equirect.mat using Guid(2ea4d48f3469f574a856d472a1cb5a07) Importer(815301076,1909f56bfc062723c751e8b465ee728b)  -> (artifact id: 'df434db5eb3706969ca957c9a6f7c5a1') in 0.117851 seconds 
========================================================================
Received Import Request.
  Time since last request: 0.358878 seconds.
  path: Assets/Animations/PlayerAnim/Remy.fbm/Remy_Top_Normal.png
  artifactKey: Guid(56d92afc8a44a6e44a26a8fae7390aaf) Importer(815301076,1909f56bfc062723c751e8b465ee728b)
Start importing Assets/Animations/PlayerAnim/Remy.fbm/Remy_Top_Normal.png using Guid(56d92afc8a44a6e44a26a8fae7390aaf) Importer(815301076,1909f56bfc062723c751e8b465ee728b)  -> (artifact id: '953656d770e8db10e213563ca22ff429') in 0.046374 seconds 
Editor requested this worker to shutdown with reason: Scaling down because of idle timeout
AssetImportWorker is now disconnected from the server
Process exiting
Exiting without the bug reporter. Application will terminate with return code 0